build/app/intermediates/manifest_merge_blame_file/release/manifest-merger-blame-release-report.txt
1<?xml version="1.0" encoding="utf-8"?>
2<manifest xmlns:android="http://schemas.android.com/apk/res/android"
3    package="com.ChurchApp.chat"
4    android:versionCode="1"
5    android:versionName="1.0.0" >
6
7    <uses-sdk
8        android:minSdkVersion="21"
8-->src/main/AndroidManifest.xml
9        android:targetSdkVersion="33" />
9-->src/main/AndroidManifest.xml
10
11    <uses-permission android:name="android.permission.INTERNET" />
11-->[:firebase_messaging] AndroidManifest.xml:9:5-67
11-->[:firebase_messaging] AndroidManifest.xml:9:22-64
12    <uses-permission android:name="android.permission.WAKE_LOCK" />
12-->[:firebase_messaging] AndroidManifest.xml:10:5-68
12-->[:firebase_messaging] AndroidManifest.xml:10:22-65
13    <uses-permission android:name="android.permission.ACCESS_NETWORK_STATE" /> <!-- Permissions options for the `notification` group -->
13-->[:firebase_messaging] AndroidManifest.xml:11:5-79
13-->[:firebase_messaging] AndroidManifest.xml:11:22-76
14    <uses-permission android:name="android.permission.POST_NOTIFICATIONS" /> <!-- Required by older versions of Google Play services to create IID tokens -->
14-->[:firebase_messaging] AndroidManifest.xml:13:5-77
14-->[:firebase_messaging] AndroidManifest.xml:13:22-74
15    <uses-permission android:name="com.google.android.c2dm.permission.RECEIVE" />
15-->[com.google.firebase:firebase-messaging:23.1.1] AndroidManifest.xml:28:5-82
15-->[com.google.firebase:firebase-messaging:23.1.1] AndroidManifest.xml:28:22-79
16    <uses-permission android:name="com.google.android.gms.permission.AD_ID" />
16-->[com.google.android.gms:play-services-measurement-api:21.2.0] AndroidManifest.xml:25:5-79
16-->[com.google.android.gms:play-services-measurement-api:21.2.0] AndroidManifest.xml:25:22-76
17    <uses-permission android:name="com.google.android.finsky.permission.BIND_GET_INSTALL_REFERRER_SERVICE" />
17-->[com.google.android.gms:play-services-measurement:21.2.0] AndroidManifest.xml:26:5-110
17-->[com.google.android.gms:play-services-measurement:21.2.0] AndroidManifest.xml:26:22-107
18
19    <application
20        android:name="android.app.Application"
20-->src/main/AndroidManifest.xml:5:9-42
21        android:appComponentFactory="androidx.core.app.CoreComponentFactory"
21-->[androidx.core:core:1.8.0] AndroidManifest.xml:24:18-86
22        android:icon="@mipmap/ic_launcher"
22-->src/main/AndroidManifest.xml:6:9-43
23        android:label="chat" >
23-->src/main/AndroidManifest.xml:4:9-29
24        <activity
24-->src/main/AndroidManifest.xml:7:9-27:20
25            android:name="com.example.chat.MainActivity"
25-->src/main/AndroidManifest.xml:8:13-41
26            android:configChanges="orientation|keyboardHidden|keyboard|screenSize|smallestScreenSize|locale|layoutDirection|fontScale|screenLayout|density|uiMode"
26-->src/main/AndroidManifest.xml:12:13-163
27            android:exported="true"
27-->src/main/AndroidManifest.xml:9:13-36
28            android:hardwareAccelerated="true"
28-->src/main/AndroidManifest.xml:13:13-47
29            android:launchMode="singleTop"
29-->src/main/AndroidManifest.xml:10:13-43
30            android:theme="@style/LaunchTheme"
30-->src/main/AndroidManifest.xml:11:13-47
31            android:windowSoftInputMode="adjustResize" >
31-->src/main/AndroidManifest.xml:14:13-55
32
33            <!--
34                 Specifies an Android theme to apply to this Activity as soon as
35                 the Android process has started. This theme is visible to the user
36                 while the Flutter UI initializes. After that, this theme continues
37                 to determine the Window background behind the Flutter UI.
38            -->
39            <meta-data
39-->src/main/AndroidManifest.xml:19:13-22:17
40                android:name="io.flutter.embedding.android.NormalTheme"
40-->src/main/AndroidManifest.xml:20:15-70
41                android:resource="@style/NormalTheme" />
41-->src/main/AndroidManifest.xml:21:15-52
42
43            <intent-filter>
43-->src/main/AndroidManifest.xml:23:13-26:29
44                <action android:name="android.intent.action.MAIN" />
44-->src/main/AndroidManifest.xml:24:17-68
44-->src/main/AndroidManifest.xml:24:25-66
45
46                <category android:name="android.intent.category.LAUNCHER" />
46-->src/main/AndroidManifest.xml:25:17-76
46-->src/main/AndroidManifest.xml:25:27-74
47            </intent-filter>
48        </activity>
49        <!--
50             Don't delete the meta-data below.
51             This is used by the Flutter tool to generate GeneratedPluginRegistrant.java
52        -->
53        <meta-data
53-->src/main/AndroidManifest.xml:30:9-32:33
54            android:name="flutterEmbedding"
54-->src/main/AndroidManifest.xml:31:13-44
55            android:value="2" />
55-->src/main/AndroidManifest.xml:32:13-30
56
57        <service
57-->[:firebase_auth] AndroidManifest.xml:10:9-14:19
58            android:name="com.google.firebase.components.ComponentDiscoveryService"
58-->[:firebase_auth] AndroidManifest.xml:10:18-89
59            android:directBootAware="true"
59-->[com.google.firebase:firebase-common:20.3.0] AndroidManifest.xml:34:13-43
60            android:exported="false" >
60-->[com.google.firebase:firebase-messaging:23.1.1] AndroidManifest.xml:54:13-37
61            <meta-data
61-->[:firebase_auth] AndroidManifest.xml:11:13-13:85
62                android:name="com.google.firebase.components:io.flutter.plugins.firebase.auth.FlutterFirebaseAuthRegistrar"
62-->[:firebase_auth] AndroidManifest.xml:12:17-124
63                android:value="com.google.firebase.components.ComponentRegistrar" />
63-->[:firebase_auth] AndroidManifest.xml:13:17-82
64            <meta-data
64-->[:firebase_storage] AndroidManifest.xml:11:13-13:85
65                android:name="com.google.firebase.components:io.flutter.plugins.firebase.storage.FlutterFirebaseAppRegistrar"
65-->[:firebase_storage] AndroidManifest.xml:12:17-126
66                android:value="com.google.firebase.components.ComponentRegistrar" />
66-->[:firebase_storage] AndroidManifest.xml:13:17-82
67            <meta-data
67-->[:cloud_firestore] AndroidManifest.xml:11:13-13:85
68                android:name="com.google.firebase.components:io.flutter.plugins.firebase.firestore.FlutterFirebaseFirestoreRegistrar"
68-->[:cloud_firestore] AndroidManifest.xml:12:17-134
69                android:value="com.google.firebase.components.ComponentRegistrar" />
69-->[:cloud_firestore] AndroidManifest.xml:13:17-82
70            <meta-data
70-->[:firebase_messaging] AndroidManifest.xml:38:13-40:85
71                android:name="com.google.firebase.components:io.flutter.plugins.firebase.messaging.FlutterFirebaseAppRegistrar"
71-->[:firebase_messaging] AndroidManifest.xml:39:17-128
72                android:value="com.google.firebase.components.ComponentRegistrar" />
72-->[:firebase_messaging] AndroidManifest.xml:40:17-82
73            <meta-data
73-->[:firebase_core] AndroidManifest.xml:11:13-13:85
74                android:name="com.google.firebase.components:io.flutter.plugins.firebase.core.FlutterFirebaseCoreRegistrar"
74-->[:firebase_core] AndroidManifest.xml:12:17-124
75                android:value="com.google.firebase.components.ComponentRegistrar" />
75-->[:firebase_core] AndroidManifest.xml:13:17-82
76            <meta-data
76-->[com.google.firebase:firebase-messaging:23.1.1] AndroidManifest.xml:55:13-57:85
77                android:name="com.google.firebase.components:com.google.firebase.messaging.FirebaseMessagingRegistrar"
77-->[com.google.firebase:firebase-messaging:23.1.1] AndroidManifest.xml:56:17-119
78                android:value="com.google.firebase.components.ComponentRegistrar" />
78-->[com.google.firebase:firebase-messaging:23.1.1] AndroidManifest.xml:57:17-82
79            <meta-data
79-->[com.google.firebase:firebase-datatransport:18.1.7] AndroidManifest.xml:27:13-29:85
80                android:name="com.google.firebase.components:com.google.firebase.datatransport.TransportRegistrar"
80-->[com.google.firebase:firebase-datatransport:18.1.7] AndroidManifest.xml:28:17-115
81                android:value="com.google.firebase.components.ComponentRegistrar" />
81-->[com.google.firebase:firebase-datatransport:18.1.7] AndroidManifest.xml:29:17-82
82            <meta-data
82-->[com.google.firebase:firebase-auth:21.1.0] AndroidManifest.xml:67:13-69:85
83                android:name="com.google.firebase.components:com.google.firebase.auth.FirebaseAuthRegistrar"
83-->[com.google.firebase:firebase-auth:21.1.0] AndroidManifest.xml:68:17-109
84                android:value="com.google.firebase.components.ComponentRegistrar" />
84-->[com.google.firebase:firebase-auth:21.1.0] AndroidManifest.xml:69:17-82
85            <meta-data
85-->[com.google.firebase:firebase-firestore:24.4.3] AndroidManifest.xml:19:13-21:85
86                android:name="com.google.firebase.components:com.google.firebase.firestore.FirestoreRegistrar"
86-->[com.google.firebase:firebase-firestore:24.4.3] AndroidManifest.xml:20:17-111
87                android:value="com.google.firebase.components.ComponentRegistrar" />
87-->[com.google.firebase:firebase-firestore:24.4.3] AndroidManifest.xml:21:17-82
88            <meta-data
88-->[com.google.firebase:firebase-storage:20.1.0] AndroidManifest.xml:32:13-34:85
89                android:name="com.google.firebase.components:com.google.firebase.storage.StorageRegistrar"
89-->[com.google.firebase:firebase-storage:20.1.0] AndroidManifest.xml:33:17-107
90                android:value="com.google.firebase.components.ComponentRegistrar" />
90-->[com.google.firebase:firebase-storage:20.1.0] AndroidManifest.xml:34:17-82
91            <meta-data
91-->[com.google.firebase:firebase-iid:21.1.0] AndroidManifest.xml:32:13-34:85
92                android:name="com.google.firebase.components:com.google.firebase.iid.Registrar"
92-->[com.google.firebase:firebase-iid:21.1.0] AndroidManifest.xml:33:17-96
93                android:value="com.google.firebase.components.ComponentRegistrar" />
93-->[com.google.firebase:firebase-iid:21.1.0] AndroidManifest.xml:34:17-82
94            <meta-data
94-->[com.google.android.gms:play-services-measurement-api:21.2.0] AndroidManifest.xml:31:13-33:85
95                android:name="com.google.firebase.components:com.google.firebase.analytics.connector.internal.AnalyticsConnectorRegistrar"
95-->[com.google.android.gms:play-services-measurement-api:21.2.0] AndroidManifest.xml:32:17-139
96                android:value="com.google.firebase.components.ComponentRegistrar" />
96-->[com.google.android.gms:play-services-measurement-api:21.2.0] AndroidManifest.xml:33:17-82
97            <meta-data
97-->[com.google.firebase:firebase-installations:17.1.2] AndroidManifest.xml:17:13-19:85
98                android:name="com.google.firebase.components:com.google.firebase.installations.FirebaseInstallationsRegistrar"
98-->[com.google.firebase:firebase-installations:17.1.2] AndroidManifest.xml:18:17-127
99                android:value="com.google.firebase.components.ComponentRegistrar" />
99-->[com.google.firebase:firebase-installations:17.1.2] AndroidManifest.xml:19:17-82
100        </service>
101        <service
101-->[:firebase_messaging] AndroidManifest.xml:16:9-19:72
102            android:name="io.flutter.plugins.firebase.messaging.FlutterFirebaseMessagingBackgroundService"
102-->[:firebase_messaging] AndroidManifest.xml:17:13-107
103            android:exported="false"
103-->[:firebase_messaging] AndroidManifest.xml:18:13-37
104            android:permission="android.permission.BIND_JOB_SERVICE" />
104-->[:firebase_messaging] AndroidManifest.xml:19:13-69
105        <service
105-->[:firebase_messaging] AndroidManifest.xml:20:9-26:19
106            android:name="io.flutter.plugins.firebase.messaging.FlutterFirebaseMessagingService"
106-->[:firebase_messaging] AndroidManifest.xml:21:13-97
107            android:exported="false" >
107-->[:firebase_messaging] AndroidManifest.xml:22:13-37
108            <intent-filter>
108-->[:firebase_messaging] AndroidManifest.xml:23:13-25:29
109                <action android:name="com.google.firebase.MESSAGING_EVENT" />
109-->[:firebase_messaging] AndroidManifest.xml:24:17-78
109-->[:firebase_messaging] AndroidManifest.xml:24:25-75
110            </intent-filter>
111        </service>
112
113        <receiver
113-->[:firebase_messaging] AndroidManifest.xml:28:9-35:20
114            android:name="io.flutter.plugins.firebase.messaging.FlutterFirebaseMessagingReceiver"
114-->[:firebase_messaging] AndroidManifest.xml:29:13-98
115            android:exported="true"
115-->[:firebase_messaging] AndroidManifest.xml:30:13-36
116            android:permission="com.google.android.c2dm.permission.SEND" >
116-->[:firebase_messaging] AndroidManifest.xml:31:13-73
117            <intent-filter>
117-->[:firebase_messaging] AndroidManifest.xml:32:13-34:29
118                <action android:name="com.google.android.c2dm.intent.RECEIVE" />
118-->[:firebase_messaging] AndroidManifest.xml:33:17-81
118-->[:firebase_messaging] AndroidManifest.xml:33:25-78
119            </intent-filter>
120        </receiver>
121
122        <provider
122-->[:firebase_messaging] AndroidManifest.xml:43:9-47:38
123            android:name="io.flutter.plugins.firebase.messaging.FlutterFirebaseMessagingInitProvider"
123-->[:firebase_messaging] AndroidManifest.xml:44:13-102
124            android:authorities="com.ChurchApp.chat.flutterfirebasemessaginginitprovider"
124-->[:firebase_messaging] AndroidManifest.xml:45:13-88
125            android:exported="false"
125-->[:firebase_messaging] AndroidManifest.xml:46:13-37
126            android:initOrder="99" />
126-->[:firebase_messaging] AndroidManifest.xml:47:13-35
127        <provider
127-->[:image_picker_android] AndroidManifest.xml:10:9-18:20
128            android:name="io.flutter.plugins.imagepicker.ImagePickerFileProvider"
128-->[:image_picker_android] AndroidManifest.xml:11:13-82
129            android:authorities="com.ChurchApp.chat.flutter.image_provider"
129-->[:image_picker_android] AndroidManifest.xml:12:13-74
130            android:exported="false"
130-->[:image_picker_android] AndroidManifest.xml:13:13-37
131            android:grantUriPermissions="true" >
131-->[:image_picker_android] AndroidManifest.xml:14:13-47
132            <meta-data
132-->[:image_picker_android] AndroidManifest.xml:15:13-17:75
133                android:name="android.support.FILE_PROVIDER_PATHS"
133-->[:image_picker_android] AndroidManifest.xml:16:17-67
134                android:resource="@xml/flutter_image_picker_file_paths" />
134-->[:image_picker_android] AndroidManifest.xml:17:17-72
135        </provider>
136
137        <uses-library
137-->[androidx.window:window:1.0.0-beta04] AndroidManifest.xml:25:9-27:40
138            android:name="androidx.window.extensions"
138-->[androidx.window:window:1.0.0-beta04] AndroidManifest.xml:26:13-54
139            android:required="false" />
139-->[androidx.window:window:1.0.0-beta04] AndroidManifest.xml:27:13-37
140        <uses-library
140-->[androidx.window:window:1.0.0-beta04] AndroidManifest.xml:28:9-30:40
141            android:name="androidx.window.sidecar"
141-->[androidx.window:window:1.0.0-beta04] AndroidManifest.xml:29:13-51
142            android:required="false" />
142-->[androidx.window:window:1.0.0-beta04] AndroidManifest.xml:30:13-37
143
144        <receiver
144-->[com.google.firebase:firebase-messaging:23.1.1] AndroidManifest.xml:31:9-38:20
145            android:name="com.google.firebase.iid.FirebaseInstanceIdReceiver"
145-->[com.google.firebase:firebase-messaging:23.1.1] AndroidManifest.xml:32:13-78
146            android:exported="true"
146-->[com.google.firebase:firebase-messaging:23.1.1] AndroidManifest.xml:33:13-36
147            android:permission="com.google.android.c2dm.permission.SEND" >
147-->[com.google.firebase:firebase-messaging:23.1.1] AndroidManifest.xml:34:13-73
148            <intent-filter>
148-->[:firebase_messaging] AndroidManifest.xml:32:13-34:29
149                <action android:name="com.google.android.c2dm.intent.RECEIVE" />
149-->[:firebase_messaging] AndroidManifest.xml:33:17-81
149-->[:firebase_messaging] AndroidManifest.xml:33:25-78
150            </intent-filter>
151        </receiver>
152        <!--
153             FirebaseMessagingService performs security checks at runtime,
154             but set to not exported to explicitly avoid allowing another app to call it.
155        -->
156        <service
156-->[com.google.firebase:firebase-messaging:23.1.1] AndroidManifest.xml:44:9-51:19
157            android:name="com.google.firebase.messaging.FirebaseMessagingService"
157-->[com.google.firebase:firebase-messaging:23.1.1] AndroidManifest.xml:45:13-82
158            android:directBootAware="true"
158-->[com.google.firebase:firebase-messaging:23.1.1] AndroidManifest.xml:46:13-43
159            android:exported="false" >
159-->[com.google.firebase:firebase-messaging:23.1.1] AndroidManifest.xml:47:13-37
160            <intent-filter android:priority="-500" >
160-->[:firebase_messaging] AndroidManifest.xml:23:13-25:29
161                <action android:name="com.google.firebase.MESSAGING_EVENT" />
161-->[:firebase_messaging] AndroidManifest.xml:24:17-78
161-->[:firebase_messaging] AndroidManifest.xml:24:25-75
162            </intent-filter>
163        </service>
164        <service
164-->[com.google.android.datatransport:transport-backend-cct:3.1.8] AndroidManifest.xml:28:9-34:19
165            android:name="com.google.android.datatransport.runtime.backends.TransportBackendDiscovery"
165-->[com.google.android.datatransport:transport-backend-cct:3.1.8] AndroidManifest.xml:29:13-103
166            android:exported="false" >
166-->[com.google.android.datatransport:transport-backend-cct:3.1.8] AndroidManifest.xml:30:13-37
167            <meta-data
167-->[com.google.android.datatransport:transport-backend-cct:3.1.8] AndroidManifest.xml:31:13-33:39
168                android:name="backend:com.google.android.datatransport.cct.CctBackendFactory"
168-->[com.google.android.datatransport:transport-backend-cct:3.1.8] AndroidManifest.xml:32:17-94
169                android:value="cct" />
169-->[com.google.android.datatransport:transport-backend-cct:3.1.8] AndroidManifest.xml:33:17-36
170        </service>
171        <service
171-->[com.google.android.datatransport:transport-runtime:3.1.8] AndroidManifest.xml:26:9-30:19
172            android:name="com.google.android.datatransport.runtime.scheduling.jobscheduling.JobInfoSchedulerService"
172-->[com.google.android.datatransport:transport-runtime:3.1.8] AndroidManifest.xml:27:13-117
173            android:exported="false"
173-->[com.google.android.datatransport:transport-runtime:3.1.8] AndroidManifest.xml:28:13-37
174            android:permission="android.permission.BIND_JOB_SERVICE" >
174-->[com.google.android.datatransport:transport-runtime:3.1.8] AndroidManifest.xml:29:13-69
175        </service>
176
177        <receiver
177-->[com.google.android.datatransport:transport-runtime:3.1.8] AndroidManifest.xml:32:9-34:40
178            android:name="com.google.android.datatransport.runtime.scheduling.jobscheduling.AlarmManagerSchedulerBroadcastReceiver"
178-->[com.google.android.datatransport:transport-runtime:3.1.8] AndroidManifest.xml:33:13-132
179            android:exported="false" />
179-->[com.google.android.datatransport:transport-runtime:3.1.8] AndroidManifest.xml:34:13-37
180
181        <activity
181-->[com.google.firebase:firebase-auth:21.1.0] AndroidManifest.xml:27:9-44:20
182            android:name="com.google.firebase.auth.internal.GenericIdpActivity"
182-->[com.google.firebase:firebase-auth:21.1.0] AndroidManifest.xml:28:13-80
183            android:excludeFromRecents="true"
183-->[com.google.firebase:firebase-auth:21.1.0] AndroidManifest.xml:29:13-46
184            android:exported="true"
184-->[com.google.firebase:firebase-auth:21.1.0] AndroidManifest.xml:30:13-36
185            android:launchMode="singleTask"
185-->[com.google.firebase:firebase-auth:21.1.0] AndroidManifest.xml:31:13-44
186            android:theme="@android:style/Theme.Translucent.NoTitleBar" >
186-->[com.google.firebase:firebase-auth:21.1.0] AndroidManifest.xml:32:13-72
187            <intent-filter>
187-->[com.google.firebase:firebase-auth:21.1.0] AndroidManifest.xml:33:13-43:29
188                <action android:name="android.intent.action.VIEW" />
188-->[com.google.firebase:firebase-auth:21.1.0] AndroidManifest.xml:34:17-69
188-->[com.google.firebase:firebase-auth:21.1.0] AndroidManifest.xml:34:25-66
189
190                <category android:name="android.intent.category.DEFAULT" />
190-->[com.google.firebase:firebase-auth:21.1.0] AndroidManifest.xml:36:17-76
190-->[com.google.firebase:firebase-auth:21.1.0] AndroidManifest.xml:36:27-73
191                <category android:name="android.intent.category.BROWSABLE" />
191-->[com.google.firebase:firebase-auth:21.1.0] AndroidManifest.xml:37:17-78
191-->[com.google.firebase:firebase-auth:21.1.0] AndroidManifest.xml:37:27-75
192
193                <data
193-->[com.google.firebase:firebase-auth:21.1.0] AndroidManifest.xml:39:17-42:51
194                    android:host="firebase.auth"
194-->[com.google.firebase:firebase-auth:21.1.0] AndroidManifest.xml:40:21-49
195                    android:path="/"
195-->[com.google.firebase:firebase-auth:21.1.0] AndroidManifest.xml:41:21-37
196                    android:scheme="genericidp" />
196-->[com.google.firebase:firebase-auth:21.1.0] AndroidManifest.xml:42:21-48
197            </intent-filter>
198        </activity>
199        <activity
199-->[com.google.firebase:firebase-auth:21.1.0] AndroidManifest.xml:45:9-62:20
200            android:name="com.google.firebase.auth.internal.RecaptchaActivity"
200-->[com.google.firebase:firebase-auth:21.1.0] AndroidManifest.xml:46:13-79
201            android:excludeFromRecents="true"
201-->[com.google.firebase:firebase-auth:21.1.0] AndroidManifest.xml:47:13-46
202            android:exported="true"
202-->[com.google.firebase:firebase-auth:21.1.0] AndroidManifest.xml:48:13-36
203            android:launchMode="singleTask"
203-->[com.google.firebase:firebase-auth:21.1.0] AndroidManifest.xml:49:13-44
204            android:theme="@android:style/Theme.Translucent.NoTitleBar" >
204-->[com.google.firebase:firebase-auth:21.1.0] AndroidManifest.xml:50:13-72
205            <intent-filter>
205-->[com.google.firebase:firebase-auth:21.1.0] AndroidManifest.xml:51:13-61:29
206                <action android:name="android.intent.action.VIEW" />
206-->[com.google.firebase:firebase-auth:21.1.0] AndroidManifest.xml:34:17-69
206-->[com.google.firebase:firebase-auth:21.1.0] AndroidManifest.xml:34:25-66
207
208                <category android:name="android.intent.category.DEFAULT" />
208-->[com.google.firebase:firebase-auth:21.1.0] AndroidManifest.xml:36:17-76
208-->[com.google.firebase:firebase-auth:21.1.0] AndroidManifest.xml:36:27-73
209                <category android:name="android.intent.category.BROWSABLE" />
209-->[com.google.firebase:firebase-auth:21.1.0] AndroidManifest.xml:37:17-78
209-->[com.google.firebase:firebase-auth:21.1.0] AndroidManifest.xml:37:27-75
210
211                <data
211-->[com.google.firebase:firebase-auth:21.1.0] AndroidManifest.xml:39:17-42:51
212                    android:host="firebase.auth"
212-->[com.google.firebase:firebase-auth:21.1.0] AndroidManifest.xml:40:21-49
213                    android:path="/"
213-->[com.google.firebase:firebase-auth:21.1.0] AndroidManifest.xml:41:21-37
214                    android:scheme="recaptcha" />
214-->[com.google.firebase:firebase-auth:21.1.0] AndroidManifest.xml:42:21-48
215            </intent-filter>
216        </activity>
217
218        <provider
218-->[com.google.firebase:firebase-common:20.3.0] AndroidManifest.xml:25:9-30:39
219            android:name="com.google.firebase.provider.FirebaseInitProvider"
219-->[com.google.firebase:firebase-common:20.3.0] AndroidManifest.xml:26:13-77
220            android:authorities="com.ChurchApp.chat.firebaseinitprovider"
220-->[com.google.firebase:firebase-common:20.3.0] AndroidManifest.xml:27:13-72
221            android:directBootAware="true"
221-->[com.google.firebase:firebase-common:20.3.0] AndroidManifest.xml:28:13-43
222            android:exported="false"
222-->[com.google.firebase:firebase-common:20.3.0] AndroidManifest.xml:29:13-37
223            android:initOrder="100" />
223-->[com.google.firebase:firebase-common:20.3.0] AndroidManifest.xml:30:13-36
224
225        <receiver
225-->[com.google.android.gms:play-services-measurement:21.2.0] AndroidManifest.xml:29:9-33:20
226            android:name="com.google.android.gms.measurement.AppMeasurementReceiver"
226-->[com.google.android.gms:play-services-measurement:21.2.0] AndroidManifest.xml:30:13-85
227            android:enabled="true"
227-->[com.google.android.gms:play-services-measurement:21.2.0] AndroidManifest.xml:31:13-35
228            android:exported="false" >
228-->[com.google.android.gms:play-services-measurement:21.2.0] AndroidManifest.xml:32:13-37
229        </receiver>
230
231        <service
231-->[com.google.android.gms:play-services-measurement:21.2.0] AndroidManifest.xml:35:9-38:40
232            android:name="com.google.android.gms.measurement.AppMeasurementService"
232-->[com.google.android.gms:play-services-measurement:21.2.0] AndroidManifest.xml:36:13-84
233            android:enabled="true"
233-->[com.google.android.gms:play-services-measurement:21.2.0] AndroidManifest.xml:37:13-35
234            android:exported="false" />
234-->[com.google.android.gms:play-services-measurement:21.2.0] AndroidManifest.xml:38:13-37
235        <service
235-->[com.google.android.gms:play-services-measurement:21.2.0] AndroidManifest.xml:39:9-43:72
236            android:name="com.google.android.gms.measurement.AppMeasurementJobService"
236-->[com.google.android.gms:play-services-measurement:21.2.0] AndroidManifest.xml:40:13-87
237            android:enabled="true"
237-->[com.google.android.gms:play-services-measurement:21.2.0] AndroidManifest.xml:41:13-35
238            android:exported="false"
238-->[com.google.android.gms:play-services-measurement:21.2.0] AndroidManifest.xml:42:13-37
239            android:permission="android.permission.BIND_JOB_SERVICE" />
239-->[com.google.android.gms:play-services-measurement:21.2.0] AndroidManifest.xml:43:13-69
240
241        <activity
241-->[com.google.android.gms:play-services-base:18.0.1] AndroidManifest.xml:20:9-22:45
242            android:name="com.google.android.gms.common.api.GoogleApiActivity"
242-->[com.google.android.gms:play-services-base:18.0.1] AndroidManifest.xml:20:19-85
243            android:exported="false"
243-->[com.google.android.gms:play-services-base:18.0.1] AndroidManifest.xml:22:19-43
244            android:theme="@android:style/Theme.Translucent.NoTitleBar" />
244-->[com.google.android.gms:play-services-base:18.0.1] AndroidManifest.xml:21:19-78
245
246        <meta-data
246-->[com.google.android.gms:play-services-basement:18.1.0] AndroidManifest.xml:21:9-23:69
247            android:name="com.google.android.gms.version"
247-->[com.google.android.gms:play-services-basement:18.1.0] AndroidManifest.xml:22:13-58
248            android:value="@integer/google_play_services_version" />
248-->[com.google.android.gms:play-services-basement:18.1.0] AndroidManifest.xml:23:13-66
249    </application>
250
251</manifest>